make: Entering directory `/Users/hyunjung/42subjects/cadet/libft'
cc -Wall -Wextra -Werror   -c -o ft_memset.o ft_memset.c
cc -Wall -Wextra -Werror   -c -o ft_bzero.o ft_bzero.c
cc -Wall -Wextra -Werror   -c -o ft_memcpy.o ft_memcpy.c
cc -Wall -Wextra -Werror   -c -o ft_memmove.o ft_memmove.c
cc -Wall -Wextra -Werror   -c -o ft_memchr.o ft_memchr.c
cc -Wall -Wextra -Werror   -c -o ft_memcmp.o ft_memcmp.c
cc -Wall -Wextra -Werror   -c -o ft_strlen.o ft_strlen.c
cc -Wall -Wextra -Werror   -c -o ft_strlcpy.o ft_strlcpy.c
cc -Wall -Wextra -Werror   -c -o ft_strlcat.o ft_strlcat.c
cc -Wall -Wextra -Werror   -c -o ft_strchr.o ft_strchr.c
cc -Wall -Wextra -Werror   -c -o ft_strrchr.o ft_strrchr.c
cc -Wall -Wextra -Werror   -c -o ft_strnstr.o ft_strnstr.c
cc -Wall -Wextra -Werror   -c -o ft_strncmp.o ft_strncmp.c
cc -Wall -Wextra -Werror   -c -o ft_atoi.o ft_atoi.c
cc -Wall -Wextra -Werror   -c -o ft_isalpha.o ft_isalpha.c
cc -Wall -Wextra -Werror   -c -o ft_isdigit.o ft_isdigit.c
cc -Wall -Wextra -Werror   -c -o ft_isalnum.o ft_isalnum.c
cc -Wall -Wextra -Werror   -c -o ft_isascii.o ft_isascii.c
cc -Wall -Wextra -Werror   -c -o ft_isprint.o ft_isprint.c
cc -Wall -Wextra -Werror   -c -o ft_toupper.o ft_toupper.c
cc -Wall -Wextra -Werror   -c -o ft_tolower.o ft_tolower.c
cc -Wall -Wextra -Werror   -c -o ft_calloc.o ft_calloc.c
cc -Wall -Wextra -Werror   -c -o ft_strdup.o ft_strdup.c
cc -Wall -Wextra -Werror   -c -o ft_substr.o ft_substr.c
cc -Wall -Wextra -Werror   -c -o ft_strjoin.o ft_strjoin.c
cc -Wall -Wextra -Werror   -c -o ft_strtrim.o ft_strtrim.c
cc -Wall -Wextra -Werror   -c -o ft_strmapi.o ft_strmapi.c
cc -Wall -Wextra -Werror   -c -o ft_striteri.o ft_striteri.c
cc -Wall -Wextra -Werror   -c -o ft_putchar_fd.o ft_putchar_fd.c
cc -Wall -Wextra -Werror   -c -o ft_putstr_fd.o ft_putstr_fd.c
cc -Wall -Wextra -Werror   -c -o ft_putendl_fd.o ft_putendl_fd.c
cc -Wall -Wextra -Werror   -c -o ft_putnbr_fd.o ft_putnbr_fd.c
cc -Wall -Wextra -Werror   -c -o ft_itoa.o ft_itoa.c
cc -Wall -Wextra -Werror   -c -o ft_split.o ft_split.c
ar -rc libft.a ft_memset.o ft_bzero.o ft_memcpy.o ft_memmove.o ft_memchr.o ft_memcmp.o ft_strlen.o ft_strlcpy.o ft_strlcat.o ft_strchr.o ft_strrchr.o ft_strnstr.o ft_strncmp.o ft_atoi.o ft_isalpha.o ft_isdigit.o ft_isalnum.o ft_isascii.o ft_isprint.o ft_toupper.o ft_tolower.o ft_calloc.o ft_strdup.o ft_substr.o ft_strjoin.o ft_strtrim.o ft_strmapi.o ft_striteri.o ft_putchar_fd.o ft_putstr_fd.o ft_putendl_fd.o ft_putnbr_fd.o ft_itoa.o ft_split.o
make: Leaving directory `/Users/hyunjung/42subjects/cadet/libft'
 
