make --dry-run --always-make --keep-going --print-directory
make: Entering directory `/Users/dayun/Desktop/42inner_circle/libft'
cc -Wall -Wextra -Werror -c -o ft_atoi.o ft_atoi.c
ar crs libft.a ft_atoi.o
 
cc -Wall -Wextra -Werror -c -o ft_bzero.o ft_bzero.c
ar crs libft.a ft_bzero.o
cc -Wall -Wextra -Werror -c -o ft_calloc.o ft_calloc.c
ar crs libft.a ft_calloc.o
cc -Wall -Wextra -Werror -c -o ft_isalnum.o ft_isalnum.c
ar crs libft.a ft_isalnum.o
cc -Wall -Wextra -Werror -c -o ft_isalpha.o ft_isalpha.c
ar crs libft.a ft_isalpha.o
cc -Wall -Wextra -Werror -c -o ft_isascii.o ft_isascii.c
ar crs libft.a ft_isascii.o
cc -Wall -Wextra -Werror -c -o ft_isdigit.o ft_isdigit.c
ar crs libft.a ft_isdigit.o
 
cc -Wall -Wextra -Werror -c -o ft_isprint.o ft_isprint.c
ar crs libft.a ft_isprint.o
cc -Wall -Wextra -Werror -c -o ft_itoa.o ft_itoa.c
ar crs libft.a ft_itoa.o
cc -Wall -Wextra -Werror -c -o ft_memchr.o ft_memchr.c
ar crs libft.a ft_memchr.o
cc -Wall -Wextra -Werror -c -o ft_memcmp.o ft_memcmp.c
ar crs libft.a ft_memcmp.o
cc -Wall -Wextra -Werror -c -o ft_memcpy.o ft_memcpy.c
ar crs libft.a ft_memcpy.o
cc -Wall -Wextra -Werror -c -o ft_memmove.o ft_memmove.c
ar crs libft.a ft_memmove.o
cc -Wall -Wextra -Werror -c -o ft_memset.o ft_memset.c
ar crs libft.a ft_memset.o
cc -Wall -Wextra -Werror -c -o ft_putchar_fd.o ft_putchar_fd.c
ar crs libft.a ft_putchar_fd.o
cc -Wall -Wextra -Werror -c -o ft_putendl_fd.o ft_putendl_fd.c
ar crs libft.a ft_putendl_fd.o
cc -Wall -Wextra -Werror -c -o ft_putnbr_fd.o ft_putnbr_fd.c
ar crs libft.a ft_putnbr_fd.o
 
cc -Wall -Wextra -Werror -c -o ft_putstr_fd.o ft_putstr_fd.c
ar crs libft.a ft_putstr_fd.o
cc -Wall -Wextra -Werror -c -o ft_split.o ft_split.c
ar crs libft.a ft_split.o
cc -Wall -Wextra -Werror -c -o ft_strchr.o ft_strchr.c
ar crs libft.a ft_strchr.o
cc -Wall -Wextra -Werror -c -o ft_strdup.o ft_strdup.c
ar crs libft.a ft_strdup.o
cc -Wall -Wextra -Werror -c -o ft_strjoin.o ft_strjoin.c
ar crs libft.a ft_strjoin.o
cc -Wall -Wextra -Werror -c -o ft_strlcat.o ft_strlcat.c
ar crs libft.a ft_strlcat.o
cc -Wall -Wextra -Werror -c -o ft_strlcpy.o ft_strlcpy.c
ar crs libft.a ft_strlcpy.o
cc -Wall -Wextra -Werror -c -o ft_strlen.o ft_strlen.c
ar crs libft.a ft_strlen.o
 
cc -Wall -Wextra -Werror -c -o ft_strmapi.o ft_strmapi.c
ar crs libft.a ft_strmapi.o
cc -Wall -Wextra -Werror -c -o ft_strncmp.o ft_strncmp.c
ar crs libft.a ft_strncmp.o
cc -Wall -Wextra -Werror -c -o ft_strnstr.o ft_strnstr.c
ar crs libft.a ft_strnstr.o
cc -Wall -Wextra -Werror -c -o ft_strrchr.o ft_strrchr.c
ar crs libft.a ft_strrchr.o
cc -Wall -Wextra -Werror -c -o ft_strtrim.o ft_strtrim.c
ar crs libft.a ft_strtrim.o
cc -Wall -Wextra -Werror -c -o ft_substr.o ft_substr.c
ar crs libft.a ft_substr.o
cc -Wall -Wextra -Werror -c -o ft_tolower.o ft_tolower.c
ar crs libft.a ft_tolower.o
cc -Wall -Wextra -Werror -c -o ft_striteri.o ft_striteri.c
ar crs libft.a ft_striteri.o
cc -Wall -Wextra -Werror -c -o ft_toupper.o ft_toupper.c
ar crs libft.a ft_toupper.o
make: Leaving directory `/Users/dayun/Desktop/42inner_circle/libft'
 
